[INFO] Scanning for projects...
[INFO] 
[INFO] --------------------------< com.uwm:paws360 >---------------------------
[INFO] Building paws360 0.0.1-SNAPSHOT
[INFO]   from pom.xml
[INFO] --------------------------------[ jar ]---------------------------------
[INFO] 
[INFO] >>> spring-boot:3.5.5:run (default-cli) > test-compile @ paws360 >>>
[INFO] 
[INFO] --- jacoco:0.8.11:prepare-agent (prepare-agent) @ paws360 ---
[INFO] argLine set to -javaagent:/home/randall/.m2/repository/org/jacoco/org.jacoco.agent/0.8.11/org.jacoco.agent-0.8.11-runtime.jar=destfile=/home/randall/repos/PAWS360/target/jacoco.exec,excludes=com.uwm.paws360.Entity.EntityDomains.**
[INFO] 
[INFO] --- resources:3.3.1:resources (default-resources) @ paws360 ---
[INFO] Copying 3 resources from src/main/resources to target/classes
[INFO] Copying 4 resources from src/main/resources to target/classes
[INFO] 
[INFO] --- compiler:3.14.0:compile (default-compile) @ paws360 ---
[INFO] Nothing to compile - all classes are up to date.
[INFO] 
[INFO] --- resources:3.3.1:testResources (default-testResources) @ paws360 ---
[INFO] Copying 7 resources from src/test/resources to target/test-classes
[INFO] 
[INFO] --- compiler:3.14.0:testCompile (default-testCompile) @ paws360 ---
[INFO] Recompiling the module because of changed source code.
[INFO] Compiling 27 source files with javac [debug parameters release 21] to target/test-classes
[WARNING] /home/randall/repos/PAWS360/src/test/java/com/uwm/paws360/Controller/AuthControllerTest.java:[61,6] org.springframework.boot.test.mock.mockito.MockBean in org.springframework.boot.test.mock.mockito has been deprecated and marked for removal
[WARNING] /home/randall/repos/PAWS360/src/test/java/com/uwm/paws360/Controller/AuthControllerTest.java:[61,6] org.springframework.boot.test.mock.mockito.MockBean in org.springframework.boot.test.mock.mockito has been deprecated and marked for removal
[WARNING] /home/randall/repos/PAWS360/src/test/java/com/uwm/paws360/Controller/AuthControllerTest.java:[61,6] org.springframework.boot.test.mock.mockito.MockBean in org.springframework.boot.test.mock.mockito has been deprecated and marked for removal
[WARNING] /home/randall/repos/PAWS360/src/test/java/com/uwm/paws360/Controller/AuthControllerTest.java:[61,6] org.springframework.boot.test.mock.mockito.MockBean in org.springframework.boot.test.mock.mockito has been deprecated and marked for removal
[WARNING] /home/randall/repos/PAWS360/src/test/java/com/uwm/paws360/Controller/AuthControllerTest.java:[61,6] org.springframework.boot.test.mock.mockito.MockBean in org.springframework.boot.test.mock.mockito has been deprecated and marked for removal
[WARNING] /home/randall/repos/PAWS360/src/test/java/com/uwm/paws360/Controller/AuthControllerTest.java:[64,6] org.springframework.boot.test.mock.mockito.MockBean in org.springframework.boot.test.mock.mockito has been deprecated and marked for removal
[WARNING] /home/randall/repos/PAWS360/src/test/java/com/uwm/paws360/Controller/AuthControllerTest.java:[64,6] org.springframework.boot.test.mock.mockito.MockBean in org.springframework.boot.test.mock.mockito has been deprecated and marked for removal
[WARNING] /home/randall/repos/PAWS360/src/test/java/com/uwm/paws360/Controller/AuthControllerTest.java:[64,6] org.springframework.boot.test.mock.mockito.MockBean in org.springframework.boot.test.mock.mockito has been deprecated and marked for removal
[WARNING] /home/randall/repos/PAWS360/src/test/java/com/uwm/paws360/Controller/AuthControllerTest.java:[64,6] org.springframework.boot.test.mock.mockito.MockBean in org.springframework.boot.test.mock.mockito has been deprecated and marked for removal
[WARNING] /home/randall/repos/PAWS360/src/test/java/com/uwm/paws360/Controller/AuthControllerTest.java:[64,6] org.springframework.boot.test.mock.mockito.MockBean in org.springframework.boot.test.mock.mockito has been deprecated and marked for removal
[WARNING] /home/randall/repos/PAWS360/src/test/java/com/uwm/paws360/Controller/UserControllerTest.java:[38,6] org.springframework.boot.test.mock.mockito.MockBean in org.springframework.boot.test.mock.mockito has been deprecated and marked for removal
[WARNING] /home/randall/repos/PAWS360/src/test/java/com/uwm/paws360/Controller/UserControllerTest.java:[38,6] org.springframework.boot.test.mock.mockito.MockBean in org.springframework.boot.test.mock.mockito has been deprecated and marked for removal
[WARNING] /home/randall/repos/PAWS360/src/test/java/com/uwm/paws360/Controller/UserControllerTest.java:[38,6] org.springframework.boot.test.mock.mockito.MockBean in org.springframework.boot.test.mock.mockito has been deprecated and marked for removal
[WARNING] /home/randall/repos/PAWS360/src/test/java/com/uwm/paws360/Controller/UserControllerTest.java:[38,6] org.springframework.boot.test.mock.mockito.MockBean in org.springframework.boot.test.mock.mockito has been deprecated and marked for removal
[WARNING] /home/randall/repos/PAWS360/src/test/java/com/uwm/paws360/Controller/UserControllerTest.java:[38,6] org.springframework.boot.test.mock.mockito.MockBean in org.springframework.boot.test.mock.mockito has been deprecated and marked for removal
[WARNING] /home/randall/repos/PAWS360/src/test/java/com/uwm/paws360/Controller/UserLoginControllerTest.java:[35,6] org.springframework.boot.test.mock.mockito.MockBean in org.springframework.boot.test.mock.mockito has been deprecated and marked for removal
[WARNING] /home/randall/repos/PAWS360/src/test/java/com/uwm/paws360/Controller/UserLoginControllerTest.java:[35,6] org.springframework.boot.test.mock.mockito.MockBean in org.springframework.boot.test.mock.mockito has been deprecated and marked for removal
[WARNING] /home/randall/repos/PAWS360/src/test/java/com/uwm/paws360/Controller/UserLoginControllerTest.java:[35,6] org.springframework.boot.test.mock.mockito.MockBean in org.springframework.boot.test.mock.mockito has been deprecated and marked for removal
[WARNING] /home/randall/repos/PAWS360/src/test/java/com/uwm/paws360/Controller/UserLoginControllerTest.java:[35,6] org.springframework.boot.test.mock.mockito.MockBean in org.springframework.boot.test.mock.mockito has been deprecated and marked for removal
[WARNING] /home/randall/repos/PAWS360/src/test/java/com/uwm/paws360/Controller/UserLoginControllerTest.java:[35,6] org.springframework.boot.test.mock.mockito.MockBean in org.springframework.boot.test.mock.mockito has been deprecated and marked for removal
[INFO] /home/randall/repos/PAWS360/src/test/java/com/uwm/paws360/integration/T057IntegrationTest.java: /home/randall/repos/PAWS360/src/test/java/com/uwm/paws360/integration/T057IntegrationTest.java uses unchecked or unsafe operations.
[INFO] /home/randall/repos/PAWS360/src/test/java/com/uwm/paws360/integration/T057IntegrationTest.java: Recompile with -Xlint:unchecked for details.
[INFO] 
[INFO] <<< spring-boot:3.5.5:run (default-cli) < test-compile @ paws360 <<<
[INFO] 
[INFO] 
[INFO] --- spring-boot:3.5.5:run (default-cli) @ paws360 ---
[INFO] Attaching agents: []
██████╗  █████╗ ██╗    ██╗███████╗██████╗  ██████╗  ██████╗
██╔══██╗██╔══██╗██║    ██║██╔════╝╚════██╗██╔════╝ ██╔═████╗
██████╔╝███████║██║ █╗ ██║███████╗ █████╔╝███████╗ ██║██╔██║
██╔═══╝ ██╔══██║██║███╗██║╚════██║ ╚═══██╗██╔═══██╗████╔╝██║
██║     ██║  ██║╚███╔███╔╝███████║██████╔╝╚██████╔╝╚██████╔╝
╚═╝     ╚═╝  ╚═╝ ╚══╝╚══╝ ╚══════╝╚═════╝  ╚═════╝  ╚═════╝
Group 7                                   Spring Boot 3.5.5
2025-12-02 01:20:04.827 [restartedMain] INFO  [] com.uwm.paws360.Application - Starting Application using Java 21.0.9 with PID 69807 (/home/randall/repos/PAWS360/target/classes started by randall in /home/randall/repos/PAWS360)
2025-12-02 01:20:04.828 [restartedMain] DEBUG [] com.uwm.paws360.Application - Running with Spring Boot v3.5.5, Spring v6.2.10
2025-12-02 01:20:04.829 [restartedMain] INFO  [] com.uwm.paws360.Application - No active profile set, falling back to 1 default profile: "default"
2025-12-02 01:20:04.855 [restartedMain] INFO  [] o.s.b.d.e.DevToolsPropertyDefaultsPostProcessor - Devtools property defaults active! Set 'spring.devtools.add-properties' to 'false' to disable
2025-12-02 01:20:05.464 [restartedMain] INFO  [] o.s.d.r.c.RepositoryConfigurationDelegate - Multiple Spring Data modules found, entering strict repository configuration mode
2025-12-02 01:20:05.464 [restartedMain] INFO  [] o.s.d.r.c.RepositoryConfigurationDelegate - Bootstrapping Spring Data JDBC repositories in DEFAULT mode.
2025-12-02 01:20:05.487 [restartedMain] INFO  [] o.s.d.r.c.RepositoryConfigurationExtensionSupport - Spring Data JDBC - Could not safely identify store assignment for repository candidate interface com.uwm.paws360.JPARepository.Academics.DegreeProgramRepository; If you want this repository to be a JDBC repository, consider annotating your entities with one of these annotations: org.springframework.data.relational.core.mapping.Table.
2025-12-02 01:20:05.487 [restartedMain] INFO  [] o.s.d.r.c.RepositoryConfigurationExtensionSupport - Spring Data JDBC - Could not safely identify store assignment for repository candidate interface com.uwm.paws360.JPARepository.Academics.DegreeRequirementRepository; If you want this repository to be a JDBC repository, consider annotating your entities with one of these annotations: org.springframework.data.relational.core.mapping.Table.
2025-12-02 01:20:05.488 [restartedMain] INFO  [] o.s.d.r.c.RepositoryConfigurationExtensionSupport - Spring Data JDBC - Could not safely identify store assignment for repository candidate interface com.uwm.paws360.JPARepository.Academics.StudentProgramRepository; If you want this repository to be a JDBC repository, consider annotating your entities with one of these annotations: org.springframework.data.relational.core.mapping.Table.
2025-12-02 01:20:05.488 [restartedMain] INFO  [] o.s.d.r.c.RepositoryConfigurationExtensionSupport - Spring Data JDBC - Could not safely identify store assignment for repository candidate interface com.uwm.paws360.JPARepository.Advising.AdvisorAppointmentRepository; If you want this repository to be a JDBC repository, consider annotating your entities with one of these annotations: org.springframework.data.relational.core.mapping.Table.
2025-12-02 01:20:05.489 [restartedMain] INFO  [] o.s.d.r.c.RepositoryConfigurationExtensionSupport - Spring Data JDBC - Could not safely identify store assignment for repository candidate interface com.uwm.paws360.JPARepository.Advising.AdvisorMessageRepository; If you want this repository to be a JDBC repository, consider annotating your entities with one of these annotations: org.springframework.data.relational.core.mapping.Table.
2025-12-02 01:20:05.490 [restartedMain] INFO  [] o.s.d.r.c.RepositoryConfigurationExtensionSupport - Spring Data JDBC - Could not safely identify store assignment for repository candidate interface com.uwm.paws360.JPARepository.Advising.StudentAdvisorRepository; If you want this repository to be a JDBC repository, consider annotating your entities with one of these annotations: org.springframework.data.relational.core.mapping.Table.
2025-12-02 01:20:05.490 [restartedMain] INFO  [] o.s.d.r.c.RepositoryConfigurationExtensionSupport - Spring Data JDBC - Could not safely identify store assignment for repository candidate interface com.uwm.paws360.JPARepository.Course.BuildingRepository; If you want this repository to be a JDBC repository, consider annotating your entities with one of these annotations: org.springframework.data.relational.core.mapping.Table.
2025-12-02 01:20:05.491 [restartedMain] INFO  [] o.s.d.r.c.RepositoryConfigurationExtensionSupport - Spring Data JDBC - Could not safely identify store assignment for repository candidate interface com.uwm.paws360.JPARepository.Course.ClassroomRepository; If you want this repository to be a JDBC repository, consider annotating your entities with one of these annotations: org.springframework.data.relational.core.mapping.Table.
2025-12-02 01:20:05.492 [restartedMain] INFO  [] o.s.d.r.c.RepositoryConfigurationExtensionSupport - Spring Data JDBC - Could not safely identify store assignment for repository candidate interface com.uwm.paws360.JPARepository.Course.CourseEnrollmentRepository; If you want this repository to be a JDBC repository, consider annotating your entities with one of these annotations: org.springframework.data.relational.core.mapping.Table.
2025-12-02 01:20:05.493 [restartedMain] INFO  [] o.s.d.r.c.RepositoryConfigurationExtensionSupport - Spring Data JDBC - Could not safely identify store assignment for repository candidate interface com.uwm.paws360.JPARepository.Course.CoursePrerequisiteRepository; If you want this repository to be a JDBC repository, consider annotating your entities with one of these annotations: org.springframework.data.relational.core.mapping.Table.
2025-12-02 01:20:05.494 [restartedMain] INFO  [] o.s.d.r.c.RepositoryConfigurationExtensionSupport - Spring Data JDBC - Could not safely identify store assignment for repository candidate interface com.uwm.paws360.JPARepository.Course.CourseRepository; If you want this repository to be a JDBC repository, consider annotating your entities with one of these annotations: org.springframework.data.relational.core.mapping.Table.
2025-12-02 01:20:05.495 [restartedMain] INFO  [] o.s.d.r.c.RepositoryConfigurationExtensionSupport - Spring Data JDBC - Could not safely identify store assignment for repository candidate interface com.uwm.paws360.JPARepository.Course.CourseSectionRepository; If you want this repository to be a JDBC repository, consider annotating your entities with one of these annotations: org.springframework.data.relational.core.mapping.Table.
2025-12-02 01:20:05.496 [restartedMain] INFO  [] o.s.d.r.c.RepositoryConfigurationExtensionSupport - Spring Data JDBC - Could not safely identify store assignment for repository candidate interface com.uwm.paws360.JPARepository.Course.SectionStaffAssignmentRepository; If you want this repository to be a JDBC repository, consider annotating your entities with one of these annotations: org.springframework.data.relational.core.mapping.Table.
2025-12-02 01:20:05.496 [restartedMain] INFO  [] o.s.d.r.c.RepositoryConfigurationExtensionSupport - Spring Data JDBC - Could not safely identify store assignment for repository candidate interface com.uwm.paws360.JPARepository.Finances.AccountTransactionRepository; If you want this repository to be a JDBC repository, consider annotating your entities with one of these annotations: org.springframework.data.relational.core.mapping.Table.
2025-12-02 01:20:05.497 [restartedMain] INFO  [] o.s.d.r.c.RepositoryConfigurationExtensionSupport - Spring Data JDBC - Could not safely identify store assignment for repository candidate interface com.uwm.paws360.JPARepository.Finances.AidAwardRepository; If you want this repository to be a JDBC repository, consider annotating your entities with one of these annotations: org.springframework.data.relational.core.mapping.Table.
2025-12-02 01:20:05.497 [restartedMain] INFO  [] o.s.d.r.c.RepositoryConfigurationExtensionSupport - Spring Data JDBC - Could not safely identify store assignment for repository candidate interface com.uwm.paws360.JPARepository.Finances.FinancialAccountRepository; If you want this repository to be a JDBC repository, consider annotating your entities with one of these annotations: org.springframework.data.relational.core.mapping.Table.
2025-12-02 01:20:05.498 [restartedMain] INFO  [] o.s.d.r.c.RepositoryConfigurationExtensionSupport - Spring Data JDBC - Could not safely identify store assignment for repository candidate interface com.uwm.paws360.JPARepository.Finances.PaymentPlanRepository; If you want this repository to be a JDBC repository, consider annotating your entities with one of these annotations: org.springframework.data.relational.core.mapping.Table.
2025-12-02 01:20:05.499 [restartedMain] INFO  [] o.s.d.r.c.RepositoryConfigurationExtensionSupport - Spring Data JDBC - Could not safely identify store assignment for repository candidate interface com.uwm.paws360.JPARepository.User.AddressRepository; If you want this repository to be a JDBC repository, consider annotating your entities with one of these annotations: org.springframework.data.relational.core.mapping.Table.
2025-12-02 01:20:05.499 [restartedMain] INFO  [] o.s.d.r.c.RepositoryConfigurationExtensionSupport - Spring Data JDBC - Could not safely identify store assignment for repository candidate interface com.uwm.paws360.JPARepository.User.AdvisorRepository; If you want this repository to be a JDBC repository, consider annotating your entities with one of these annotations: org.springframework.data.relational.core.mapping.Table.
2025-12-02 01:20:05.500 [restartedMain] INFO  [] o.s.d.r.c.RepositoryConfigurationExtensionSupport - Spring Data JDBC - Could not safely identify store assignment for repository candidate interface com.uwm.paws360.JPARepository.User.AuthenticationSessionRepository; If you want this repository to be a JDBC repository, consider annotating your entities with one of these annotations: org.springframework.data.relational.core.mapping.Table.
2025-12-02 01:20:05.500 [restartedMain] INFO  [] o.s.d.r.c.RepositoryConfigurationExtensionSupport - Spring Data JDBC - Could not safely identify store assignment for repository candidate interface com.uwm.paws360.JPARepository.User.CounselorRepository; If you want this repository to be a JDBC repository, consider annotating your entities with one of these annotations: org.springframework.data.relational.core.mapping.Table.
2025-12-02 01:20:05.501 [restartedMain] INFO  [] o.s.d.r.c.RepositoryConfigurationExtensionSupport - Spring Data JDBC - Could not safely identify store assignment for repository candidate interface com.uwm.paws360.JPARepository.User.EmergencyContactRepository; If you want this repository to be a JDBC repository, consider annotating your entities with one of these annotations: org.springframework.data.relational.core.mapping.Table.
2025-12-02 01:20:05.502 [restartedMain] INFO  [] o.s.d.r.c.RepositoryConfigurationExtensionSupport - Spring Data JDBC - Could not safely identify store assignment for repository candidate interface com.uwm.paws360.JPARepository.User.FacultyRepository; If you want this repository to be a JDBC repository, consider annotating your entities with one of these annotations: org.springframework.data.relational.core.mapping.Table.
2025-12-02 01:20:05.503 [restartedMain] INFO  [] o.s.d.r.c.RepositoryConfigurationExtensionSupport - Spring Data JDBC - Could not safely identify store assignment for repository candidate interface com.uwm.paws360.JPARepository.User.InstructorRepository; If you want this repository to be a JDBC repository, consider annotating your entities with one of these annotations: org.springframework.data.relational.core.mapping.Table.
2025-12-02 01:20:05.503 [restartedMain] INFO  [] o.s.d.r.c.RepositoryConfigurationExtensionSupport - Spring Data JDBC - Could not safely identify store assignment for repository candidate interface com.uwm.paws360.JPARepository.User.MentorRepository; If you want this repository to be a JDBC repository, consider annotating your entities with one of these annotations: org.springframework.data.relational.core.mapping.Table.
2025-12-02 01:20:05.504 [restartedMain] INFO  [] o.s.d.r.c.RepositoryConfigurationExtensionSupport - Spring Data JDBC - Could not safely identify store assignment for repository candidate interface com.uwm.paws360.JPARepository.User.ProfessorRepository; If you want this repository to be a JDBC repository, consider annotating your entities with one of these annotations: org.springframework.data.relational.core.mapping.Table.
2025-12-02 01:20:05.504 [restartedMain] INFO  [] o.s.d.r.c.RepositoryConfigurationExtensionSupport - Spring Data JDBC - Could not safely identify store assignment for repository candidate interface com.uwm.paws360.JPARepository.User.StudentRepository; If you want this repository to be a JDBC repository, consider annotating your entities with one of these annotations: org.springframework.data.relational.core.mapping.Table.
2025-12-02 01:20:05.505 [restartedMain] INFO  [] o.s.d.r.c.RepositoryConfigurationExtensionSupport - Spring Data JDBC - Could not safely identify store assignment for repository candidate interface com.uwm.paws360.JPARepository.User.TARepository; If you want this repository to be a JDBC repository, consider annotating your entities with one of these annotations: org.springframework.data.relational.core.mapping.Table.
2025-12-02 01:20:05.505 [restartedMain] INFO  [] o.s.d.r.c.RepositoryConfigurationExtensionSupport - Spring Data JDBC - Could not safely identify store assignment for repository candidate interface com.uwm.paws360.JPARepository.User.UserRepository; If you want this repository to be a JDBC repository, consider annotating your entities with one of these annotations: org.springframework.data.relational.core.mapping.Table.
2025-12-02 01:20:05.506 [restartedMain] INFO  [] o.s.d.r.c.RepositoryConfigurationDelegate - Finished Spring Data repository scanning in 37 ms. Found 0 JDBC repository interfaces.
2025-12-02 01:20:05.510 [restartedMain] INFO  [] o.s.d.r.c.RepositoryConfigurationDelegate - Multiple Spring Data modules found, entering strict repository configuration mode
2025-12-02 01:20:05.510 [restartedMain] INFO  [] o.s.d.r.c.RepositoryConfigurationDelegate - Bootstrapping Spring Data JPA repositories in DEFAULT mode.
2025-12-02 01:20:05.544 [restartedMain] INFO  [] o.s.d.r.c.RepositoryConfigurationDelegate - Finished Spring Data repository scanning in 30 ms. Found 29 JPA repository interfaces.
2025-12-02 01:20:05.828 [restartedMain] INFO  [] o.s.b.w.e.tomcat.TomcatWebServer - Tomcat initialized with port 8086 (http)
2025-12-02 01:20:05.838 [restartedMain] INFO  [] o.a.catalina.core.StandardService - Starting service [Tomcat]
2025-12-02 01:20:05.838 [restartedMain] INFO  [] o.a.catalina.core.StandardEngine - Starting Servlet engine: [Apache Tomcat/10.1.44]
2025-12-02 01:20:05.855 [restartedMain] INFO  [] o.a.c.c.C.[Tomcat].[localhost].[/] - Initializing Spring embedded WebApplicationContext
2025-12-02 01:20:05.855 [restartedMain] INFO  [] o.s.b.w.s.c.ServletWebServerApplicationContext - Root WebApplicationContext: initialization completed in 999 ms
2025-12-02 01:20:05.979 [restartedMain] INFO  [] o.h.jpa.internal.util.LogHelper - HHH000204: Processing PersistenceUnitInfo [name: default]
2025-12-02 01:20:06.022 [restartedMain] INFO  [] org.hibernate.Version - HHH000412: Hibernate ORM core version 6.6.26.Final
2025-12-02 01:20:06.048 [restartedMain] INFO  [] o.h.c.i.RegionFactoryInitiator - HHH000026: Second-level cache disabled
2025-12-02 01:20:06.217 [restartedMain] INFO  [] o.s.o.j.p.SpringPersistenceUnitInfo - No LoadTimeWeaver setup: ignoring JPA class transformer
2025-12-02 01:20:06.233 [restartedMain] INFO  [] com.zaxxer.hikari.HikariDataSource - HikariPool-1 - Starting...
2025-12-02 01:20:06.323 [restartedMain] INFO  [] com.zaxxer.hikari.pool.HikariPool - HikariPool-1 - Added connection org.postgresql.jdbc.PgConnection@146b2cc6
2025-12-02 01:20:06.325 [restartedMain] INFO  [] com.zaxxer.hikari.HikariDataSource - HikariPool-1 - Start completed.
2025-12-02 01:20:06.344 [restartedMain] WARN  [] org.hibernate.orm.deprecation - HHH90000025: PostgreSQLDialect does not need to be specified explicitly using 'hibernate.dialect' (remove the property setting and it will be selected by default)
2025-12-02 01:20:06.354 [restartedMain] INFO  [] o.hibernate.orm.connections.pooling - HHH10001005: Database info:
	Database JDBC URL [Connecting through datasource 'HikariDataSource (HikariPool-1)']
	Database driver: undefined/unknown
	Database version: 15.14
	Autocommit mode: undefined/unknown
	Isolation level: undefined/unknown
	Minimum pool size: undefined/unknown
	Maximum pool size: undefined/unknown
2025-12-02 01:20:07.182 [restartedMain] INFO  [] o.h.e.t.j.p.i.JtaPlatformInitiator - HHH000489: No JTA platform available (set 'hibernate.transaction.jta.platform' to enable JTA platform integration)
2025-12-02 01:20:07.183 [restartedMain] INFO  [] o.s.o.j.LocalContainerEntityManagerFactoryBean - Initialized JPA EntityManagerFactory for persistence unit 'default'
2025-12-02 01:20:07.393 [restartedMain] INFO  [] o.s.d.j.r.query.QueryEnhancerFactory - Hibernate is in classpath; If applicable, HQL parser will be used.
2025-12-02 01:20:08.041 [restartedMain] WARN  [] o.s.b.a.o.j.JpaBaseConfiguration$JpaWebConfiguration - spring.jpa.open-in-view is enabled by default. Therefore, database queries may be performed during view rendering. Explicitly configure spring.jpa.open-in-view to disable this warning
2025-12-02 01:20:08.056 [restartedMain] INFO  [] o.s.b.a.w.s.WelcomePageHandlerMapping - Adding welcome page: class path resource [static/index.html]
2025-12-02 01:20:08.337 [restartedMain] WARN  [] o.s.b.d.a.OptionalLiveReloadServer - Unable to start LiveReload server
2025-12-02 01:20:08.340 [restartedMain] INFO  [] o.s.b.a.e.web.EndpointLinksResolver - Exposing 6 endpoints beneath base path '/actuator'
2025-12-02 01:20:08.377 [restartedMain] WARN  [] o.s.b.w.s.c.AnnotationConfigServletWebServerApplicationContext - Exception encountered during context initialization - cancelling refresh attempt: org.springframework.context.ApplicationContextException: Failed to start bean 'webServerStartStop'
2025-12-02 01:20:08.381 [restartedMain] INFO  [] o.s.o.j.LocalContainerEntityManagerFactoryBean - Closing JPA EntityManagerFactory for persistence unit 'default'
2025-12-02 01:20:08.382 [restartedMain] INFO  [] com.zaxxer.hikari.HikariDataSource - HikariPool-1 - Shutdown initiated...
2025-12-02 01:20:08.384 [restartedMain] INFO  [] com.zaxxer.hikari.HikariDataSource - HikariPool-1 - Shutdown completed.
2025-12-02 01:20:08.394 [restartedMain] INFO  [] o.s.b.a.l.ConditionEvaluationReportLogger - 

Error starting ApplicationContext. To display the condition evaluation report re-run your application with 'debug' enabled.
2025-12-02 01:20:08.402 [restartedMain] ERROR [] o.s.b.d.LoggingFailureAnalysisReporter - 

***************************
APPLICATION FAILED TO START
***************************

Description:

Web server failed to start. Port 8086 was already in use.

Action:

Identify and stop the process that's listening on port 8086 or configure this application to listen on another port.

[INFO] ------------------------------------------------------------------------
[INFO] BUILD SUCCESS
[INFO] ------------------------------------------------------------------------
[INFO] Total time:  7.140 s
[INFO] Finished at: 2025-12-02T01:20:08-06:00
[INFO] ------------------------------------------------------------------------
