2025-12-04 00:00:47.707 [scheduling-1] DEBUG [] c.u.p.config.SessionTimeoutConfig - Starting scheduled session cleanup
2025-12-04 00:00:47.715 [scheduling-1] DEBUG [] c.u.p.config.SessionTimeoutConfig - Session cleanup completed: no expired sessions found, 1 active sessions
2025-12-04 00:05:56.189 [scheduling-1] DEBUG [] c.u.p.config.SessionTimeoutConfig - Starting scheduled session cleanup
2025-12-04 00:05:56.198 [scheduling-1] DEBUG [] c.u.p.config.SessionTimeoutConfig - Session cleanup completed: no expired sessions found, 1 active sessions
2025-12-04 00:05:56.199 [scheduling-1] INFO  [] c.u.p.config.SessionTimeoutConfig - Session statistics: 1 active sessions (max: 100)
2025-12-04 00:11:04.778 [scheduling-1] DEBUG [] c.u.p.config.SessionTimeoutConfig - Starting scheduled session cleanup
2025-12-04 00:11:04.786 [scheduling-1] DEBUG [] c.u.p.config.SessionTimeoutConfig - Session cleanup completed: no expired sessions found, 1 active sessions
2025-12-04 00:16:13.447 [scheduling-1] DEBUG [] c.u.p.config.SessionTimeoutConfig - Starting scheduled session cleanup
2025-12-04 00:16:13.455 [scheduling-1] DEBUG [] c.u.p.config.SessionTimeoutConfig - Session cleanup completed: no expired sessions found, 1 active sessions
2025-12-04 00:21:22.173 [scheduling-1] DEBUG [] c.u.p.config.SessionTimeoutConfig - Starting scheduled session cleanup
2025-12-04 00:21:22.182 [scheduling-1] DEBUG [] c.u.p.config.SessionTimeoutConfig - Session cleanup completed: no expired sessions found, 1 active sessions
2025-12-04 00:21:22.183 [scheduling-1] INFO  [] c.u.p.config.SessionTimeoutConfig - Session statistics: 1 active sessions (max: 100)
2025-12-04 00:26:30.882 [scheduling-1] DEBUG [] c.u.p.config.SessionTimeoutConfig - Starting scheduled session cleanup
2025-12-04 00:26:30.890 [scheduling-1] DEBUG [] c.u.p.config.SessionTimeoutConfig - Session cleanup completed: no expired sessions found, 1 active sessions
2025-12-04 00:31:39.654 [scheduling-1] DEBUG [] c.u.p.config.SessionTimeoutConfig - Starting scheduled session cleanup
2025-12-04 00:31:39.662 [scheduling-1] DEBUG [] c.u.p.config.SessionTimeoutConfig - Session cleanup completed: no expired sessions found, 1 active sessions
2025-12-04 13:03:48.716 [SpringApplicationShutdownHook] INFO  [] o.s.b.w.e.tomcat.GracefulShutdown - Commencing graceful shutdown. Waiting for active requests to complete
2025-12-04 13:03:48.717 [tomcat-shutdown] INFO  [] o.s.b.w.e.tomcat.GracefulShutdown - Graceful shutdown complete
2025-12-04 13:03:48.724 [SpringApplicationShutdownHook] INFO  [] o.s.o.j.LocalContainerEntityManagerFactoryBean - Closing JPA EntityManagerFactory for persistence unit 'default'
2025-12-04 13:03:48.727 [SpringApplicationShutdownHook] INFO  [] com.zaxxer.hikari.HikariDataSource - HikariPool-1 - Shutdown initiated...
2025-12-04 13:03:48.729 [SpringApplicationShutdownHook] INFO  [] com.zaxxer.hikari.HikariDataSource - HikariPool-1 - Shutdown completed.
